<?xml version="1.0" encoding="UTF-8"?>
<!-- Generated by org.testng.reporters.JUnitReportReporter -->
<testsuite hostname="DESKTOP-H4BH8MQ" failures="0" tests="4" name="testQA.validateHomePageFields" time="8.805" errors="0" timestamp="2024-09-24T20:25:33 IST" skipped="0">
  <testcase classname="testQA.validateHomePageFields" name="verifyHomePageUrl" time="5.895"/>
  <system-out/>
  <testcase classname="testQA.validateHomePageFields" name="verifyElementcardIsDisplayed" time="0.919"/>
  <system-out/>
  <testcase classname="testQA.validateHomePageFields" name="verifyElementcardIsEnabled" time="1.049"/>
  <system-out/>
  <testcase classname="testQA.validateHomePageFields" name="verifyElementCardLabel" time="0.942"/>
  <system-out/>
</testsuite> <!-- testQA.validateHomePageFields -->
