<?xml version="1.0" encoding="UTF-8"?>
<!-- Generated by org.testng.reporters.JUnitReportReporter -->
<testsuite hostname="DESKTOP-H4BH8MQ" failures="0" tests="1" name="testQA.elementsMenu" time="9.099" errors="0" timestamp="2024-09-14T18:54:15 IST" skipped="0">
  <testcase classname="testQA.elementsMenu" name="verifyElementMenu" time="9.099"/>
  <system-out/>
</testsuite> <!-- testQA.elementsMenu -->
