<?xml version="1.0" encoding="UTF-8"?>
<!-- Generated by org.testng.reporters.JUnitReportReporter -->
<testsuite hostname="DESKTOP-H4BH8MQ" failures="0" tests="1" name="testQA.launch" time="0.543" errors="0" timestamp="2024-09-12T21:32:14 IST" skipped="0">
  <testcase classname="testQA.launch" name="verifyTextboxElement" time="0.543"/>
  <system-out/>
</testsuite> <!-- testQA.launch -->
